#-----------------------------------------------------------
# Vivado v2018.3 (64-bit)
# SW Build 2405991 on Thu Dec  6 23:38:27 MST 2018
# IP Build 2404404 on Fri Dec  7 01:43:56 MST 2018
# Start of session at: Fri Jun 30 22:39:50 2023
# Process ID: 21312
# Current directory: D:/computing/pipeline交
# Command line: vivado.exe -gui_launcher_event rodinguilauncherevent5152 D:\computing\pipeline交\pipeline.xpr
# Log file: D:/computing/pipeline交/vivado.log
# Journal file: D:/computing/pipeline交\vivado.jou
#-----------------------------------------------------------
start_gui
open_project D:/computing/pipeline交/pipeline.xpr
Scanning sources...
Finished scanning sources
INFO: [IP_Flow 19-234] Refreshing IP repositories
INFO: [IP_Flow 19-1704] No user IP repositories specified
INFO: [IP_Flow 19-2313] Loaded Vivado IP repository 'D:/Xilinx/Vivado/2018.3/data/ip'.
open_project: Time (s): cpu = 00:00:05 ; elapsed = 00:00:06 . Memory (MB): peak = 881.992 ; gain = 247.637
update_compile_order -fileset sources_1
exit
INFO: [Common 17-206] Exiting Vivado at Fri Jun 30 22:40:38 2023...
