#-----------------------------------------------------------
# Vivado v2018.3 (64-bit)
# SW Build 2405991 on Thu Dec  6 23:38:27 MST 2018
# IP Build 2404404 on Fri Dec  7 01:43:56 MST 2018
# Start of session at: Fri Jun 30 20:58:06 2023
# Process ID: 17468
# Current directory: D:/computing/pipeline交
# Command line: vivado.exe -gui_launcher_event rodinguilauncherevent17680 D:\computing\pipeline交\pipeline.xpr
# Log file: D:/computing/pipeline交/vivado.log
# Journal file: D:/computing/pipeline交\vivado.jou
#-----------------------------------------------------------
start_gui
open_project D:/computing/pipeline交/pipeline.xpr
INFO: [Project 1-313] Project file moved from 'D:/computing/pipeline' since last save.
Scanning sources...
Finished scanning sources
INFO: [IP_Flow 19-234] Refreshing IP repositories
INFO: [IP_Flow 19-1704] No user IP repositories specified
INFO: [IP_Flow 19-2313] Loaded Vivado IP repository 'D:/Xilinx/Vivado/2018.3/data/ip'.
open_project: Time (s): cpu = 00:00:04 ; elapsed = 00:00:09 . Memory (MB): peak = 834.914 ; gain = 221.223
update_compile_order -fileset sources_1
reset_run impl_1
launch_runs impl_1 -jobs 8
[Fri Jun 30 20:58:47 2023] Launched impl_1...
Run output will be captured here: D:/computing/pipeline交/pipeline.runs/impl_1/runme.log
add_files -fileset constrs_1 -norecurse C:/Users/86187/Desktop/icf-v-p.xdc
export_ip_user_files -of_objects  [get_files D:/computing/pipeline交/icf.xdc] -no_script -reset -force -quiet
remove_files  -fileset constrs_1 D:/computing/pipeline交/icf.xdc
reset_run synth_1
launch_runs synth_1 -jobs 8
WARNING: [filemgmt 20-1318] Duplicate Design Unit 'MIO_BUS' found in library 'xil_defaultlib'
WARNING: [filemgmt 20-1318] Duplicate Design Unit 'Multi_8CH32' found in library 'xil_defaultlib'
WARNING: [filemgmt 20-1318] Duplicate Design Unit 'SSeg7' found in library 'xil_defaultlib'
WARNING: [filemgmt 20-1318] Duplicate Design Unit 'dm_controller' found in library 'xil_defaultlib'
WARNING: [filemgmt 20-1318] Duplicate Design Unit 'MIO_BUS' found in library 'xil_defaultlib'
WARNING: [filemgmt 20-1318] Duplicate Design Unit 'Multi_8CH32' found in library 'xil_defaultlib'
WARNING: [filemgmt 20-1318] Duplicate Design Unit 'SSeg7' found in library 'xil_defaultlib'
WARNING: [filemgmt 20-1318] Duplicate Design Unit 'dm_controller' found in library 'xil_defaultlib'
[Fri Jun 30 21:04:41 2023] Launched synth_1...
Run output will be captured here: D:/computing/pipeline交/pipeline.runs/synth_1/runme.log
exit
INFO: [Common 17-206] Exiting Vivado at Fri Jun 30 21:06:42 2023...
