#-----------------------------------------------------------
# Vivado v2018.3 (64-bit)
# SW Build 2405991 on Thu Dec  6 23:38:27 MST 2018
# IP Build 2404404 on Fri Dec  7 01:43:56 MST 2018
# Start of session at: Sat Jul  1 01:30:49 2023
# Process ID: 22636
# Current directory: D:/computing/pipeline交
# Command line: vivado.exe -gui_launcher_event rodinguilauncherevent12700 D:\computing\pipeline交\pipeline.xpr
# Log file: D:/computing/pipeline交/vivado.log
# Journal file: D:/computing/pipeline交\vivado.jou
#-----------------------------------------------------------
start_gui
open_project D:/computing/pipeline交/pipeline.xpr
Scanning sources...
Finished scanning sources
INFO: [IP_Flow 19-234] Refreshing IP repositories
INFO: [IP_Flow 19-1704] No user IP repositories specified
INFO: [IP_Flow 19-2313] Loaded Vivado IP repository 'D:/Xilinx/Vivado/2018.3/data/ip'.
open_project: Time (s): cpu = 00:00:04 ; elapsed = 00:00:07 . Memory (MB): peak = 885.496 ; gain = 253.957
update_compile_order -fileset sources_1
reset_run synth_1
launch_runs synth_1 -jobs 8
WARNING: [filemgmt 20-1318] Duplicate Design Unit 'MIO_BUS' found in library 'xil_defaultlib'
WARNING: [filemgmt 20-1318] Duplicate Design Unit 'Multi_8CH32' found in library 'xil_defaultlib'
WARNING: [filemgmt 20-1318] Duplicate Design Unit 'SAnti_jitter' found in library 'xil_defaultlib'
WARNING: [filemgmt 20-1318] Duplicate Design Unit 'SEnter_2_32' found in library 'xil_defaultlib'
WARNING: [filemgmt 20-1318] Duplicate Design Unit 'SPIO' found in library 'xil_defaultlib'
WARNING: [filemgmt 20-1318] Duplicate Design Unit 'SSeg7_Dev' found in library 'xil_defaultlib'
WARNING: [filemgmt 20-1318] Duplicate Design Unit 'dm_controller' found in library 'xil_defaultlib'
WARNING: [filemgmt 20-1318] Duplicate Design Unit 'MIO_BUS' found in library 'xil_defaultlib'
WARNING: [filemgmt 20-1318] Duplicate Design Unit 'Multi_8CH32' found in library 'xil_defaultlib'
WARNING: [filemgmt 20-1318] Duplicate Design Unit 'SAnti_jitter' found in library 'xil_defaultlib'
WARNING: [filemgmt 20-1318] Duplicate Design Unit 'SEnter_2_32' found in library 'xil_defaultlib'
WARNING: [filemgmt 20-1318] Duplicate Design Unit 'SPIO' found in library 'xil_defaultlib'
WARNING: [filemgmt 20-1318] Duplicate Design Unit 'SSeg7_Dev' found in library 'xil_defaultlib'
WARNING: [filemgmt 20-1318] Duplicate Design Unit 'dm_controller' found in library 'xil_defaultlib'
[Sat Jul  1 01:31:27 2023] Launched synth_1...
Run output will be captured here: D:/computing/pipeline交/pipeline.runs/synth_1/runme.log
exit
INFO: [Common 17-206] Exiting Vivado at Sat Jul  1 01:32:11 2023...
